100.05.13 18:25 B D:\wwwauk\piran\patience\index.html <-- demon homepages /u/demon.co.uk/a/u/k/aukword/piran/patience index.html
100.05.13 18:25 B D:\wwwauk\piran\patience\SuitDrop.class <-- demon homepages /u/demon.co.uk/a/u/k/aukword/piran/patience SuitDrop.class
100.05.13 18:25 B D:\wwwauk\piran\patience\spade.gif <-- demon homepages /u/demon.co.uk/a/u/k/aukword/piran/patience spade.gif
100.05.13 18:25 B D:\wwwauk\piran\patience\SingleCardHolder.class <-- demon homepages /u/demon.co.uk/a/u/k/aukword/piran/patience SingleCardHolder.class
100.05.13 18:25 B D:\wwwauk\piran\patience\queen.gif <-- demon homepages /u/demon.co.uk/a/u/k/aukword/piran/patience queen.gif
100.05.13 18:25 B D:\wwwauk\piran\patience\PatienceCanvas.class <-- demon homepages /u/demon.co.uk/a/u/k/aukword/piran/patience PatienceCanvas.class
100.05.13 18:25 B D:\wwwauk\piran\patience\PatienceApplet.class <-- demon homepages /u/demon.co.uk/a/u/k/aukword/piran/patience PatienceApplet.class
100.05.13 18:25 B D:\wwwauk\piran\patience\patience.zip <-- demon homepages /u/demon.co.uk/a/u/k/aukword/piran/patience patience.zip
100.05.13 18:25 B D:\wwwauk\piran\patience\king.gif <-- demon homepages /u/demon.co.uk/a/u/k/aukword/piran/patience king.gif
100.05.13 18:25 B D:\wwwauk\piran\patience\jack.gif <-- demon homepages /u/demon.co.uk/a/u/k/aukword/piran/patience jack.gif
100.05.13 18:25 B D:\wwwauk\piran\patience\HolderAction.class <-- demon homepages /u/demon.co.uk/a/u/k/aukword/piran/patience HolderAction.class
100.05.13 18:25 B D:\wwwauk\piran\patience\heart.gif <-- demon homepages /u/demon.co.uk/a/u/k/aukword/piran/patience heart.gif
100.05.13 18:25 B D:\wwwauk\piran\patience\DragCanvas.class <-- demon homepages /u/demon.co.uk/a/u/k/aukword/piran/patience DragCanvas.class
100.05.13 18:25 B D:\wwwauk\piran\patience\DragAction.class <-- demon homepages /u/demon.co.uk/a/u/k/aukword/piran/patience DragAction.class
100.05.13 18:25 B D:\wwwauk\piran\patience\DownCardHolder.class <-- demon homepages /u/demon.co.uk/a/u/k/aukword/piran/patience DownCardHolder.class
100.05.13 18:25 B D:\wwwauk\piran\patience\diamond.gif <-- demon homepages /u/demon.co.uk/a/u/k/aukword/piran/patience diamond.gif
100.05.13 18:25 B D:\wwwauk\piran\patience\club.gif <-- demon homepages /u/demon.co.uk/a/u/k/aukword/piran/patience club.gif
100.05.13 18:25 B D:\wwwauk\piran\patience\ClickAction.class <-- demon homepages /u/demon.co.uk/a/u/k/aukword/piran/patience ClickAction.class
100.05.13 18:25 B D:\wwwauk\piran\patience\CardSrc.class <-- demon homepages /u/demon.co.uk/a/u/k/aukword/piran/patience CardSrc.class
100.05.13 18:25 B D:\wwwauk\piran\patience\CardHolder.class <-- demon homepages /u/demon.co.uk/a/u/k/aukword/piran/patience CardHolder.class
100.05.13 18:25 B D:\wwwauk\piran\patience\CardDest.class <-- demon homepages /u/demon.co.uk/a/u/k/aukword/piran/patience CardDest.class
100.05.13 18:25 B D:\wwwauk\piran\patience\Card.class <-- demon homepages /u/demon.co.uk/a/u/k/aukword/piran/patience Card.class
100.05.13 18:25 B D:\wwwauk\piran\patience\back.gif <-- demon homepages /u/demon.co.uk/a/u/k/aukword/piran/patience back.gif
100.05.13 18:25 B D:\wwwauk\piran\patience\acespade.gif <-- demon homepages /u/demon.co.uk/a/u/k/aukword/piran/patience acespade.gif
